\BOOKMARK [0][-]{chapter.1}{Executive Summary}{}% 1
\BOOKMARK [0][-]{chapter.2}{Exercise 4.6.3}{}% 2
\BOOKMARK [1][-]{section.2.1}{Problem Statement for Exercise 4.6.3}{chapter.2}% 3
\BOOKMARK [1][-]{section.2.2}{Relevant Code for Exercise 4.6.3}{chapter.2}% 4
\BOOKMARK [1][-]{section.2.3}{Test cases for Exercise 4.6.3}{chapter.2}% 5
\BOOKMARK [1][-]{section.2.4}{Execution Transcripts for Exercise 4.6.3}{chapter.2}% 6
\BOOKMARK [0][-]{chapter.3}{Exercise 4.6.4}{}% 7
\BOOKMARK [1][-]{section.3.1}{Problem Statement for Exercise 4.6.4}{chapter.3}% 8
\BOOKMARK [1][-]{section.3.2}{Relevant Code for Exercise 4.6.4}{chapter.3}% 9
\BOOKMARK [1][-]{section.3.3}{Test cases for Exercise 4.6.4}{chapter.3}% 10
\BOOKMARK [1][-]{section.3.4}{Execution Transcripts for Exercise 4.6.4}{chapter.3}% 11
\BOOKMARK [0][-]{chapter.4}{Exercise 5.3.4}{}% 12
\BOOKMARK [1][-]{section.4.1}{Problem Statement for Exercise 5.3.4}{chapter.4}% 13
\BOOKMARK [1][-]{section.4.2}{Relevant Code for Exercise 5.3.4}{chapter.4}% 14
\BOOKMARK [1][-]{section.4.3}{Test cases for Exercise 5.3.4}{chapter.4}% 15
\BOOKMARK [1][-]{section.4.4}{Execution Transcripts for Exercise 5.3.4}{chapter.4}% 16
\BOOKMARK [0][-]{chapter.5}{Exercise 5.3.5}{}% 17
\BOOKMARK [1][-]{section.5.1}{Problem Statement for Exercise 5.3.5}{chapter.5}% 18
\BOOKMARK [1][-]{section.5.2}{Relevant Code for Exercise 5.3.5}{chapter.5}% 19
\BOOKMARK [1][-]{section.5.3}{Test cases for Exercise 5.3.5}{chapter.5}% 20
\BOOKMARK [1][-]{section.5.4}{Execution Transcripts for Exercise 5.3.5}{chapter.5}% 21
\BOOKMARK [0][-]{chapter.6}{Exercise 6.2.1}{}% 22
\BOOKMARK [1][-]{section.6.1}{Problem Statement for Exercise 6.2.1}{chapter.6}% 23
\BOOKMARK [1][-]{section.6.2}{Relevant Code for Exercise 6.2.1}{chapter.6}% 24
\BOOKMARK [1][-]{section.6.3}{Test cases for Exercise 6.2.1}{chapter.6}% 25
\BOOKMARK [0][-]{chapter.7}{Relevant Information}{}% 26
\BOOKMARK [1][-]{section.7.1}{Specific Test Cases}{chapter.7}% 27
\BOOKMARK [2][-]{subsection.7.1.1}{Test Cases for Exercise 4.6.3}{section.7.1}% 28
\BOOKMARK [2][-]{subsection.7.1.2}{Test Cases for Exercise 4.6.4}{section.7.1}% 29
\BOOKMARK [2][-]{subsection.7.1.3}{Test Cases for Exercise 5.3.4}{section.7.1}% 30
\BOOKMARK [2][-]{subsection.7.1.4}{Test Cases for Exercise 5.3.5}{section.7.1}% 31
\BOOKMARK [2][-]{subsection.7.1.5}{Test Cases for Exercise 6.2.1}{section.7.1}% 32
\BOOKMARK [0][-]{appendix.A}{Source Code for Exercise 4.6.3}{}% 33
\BOOKMARK [0][-]{appendix.B}{Source Code for Exercise 4.6.4}{}% 34
\BOOKMARK [0][-]{appendix.C}{Source Code for Exercise 5.3.4}{}% 35
\BOOKMARK [0][-]{appendix.D}{Source Code for Exercise 5.3.5}{}% 36
\BOOKMARK [0][-]{appendix.E}{Source Code for Exercise 6.2.1}{}% 37
