\BOOKMARK [0][-]{chapter.1}{Executive Summary}{}% 1
\BOOKMARK [0][-]{chapter.2}{Exercise 7.3.1}{}% 2
\BOOKMARK [1][-]{section.2.1}{Problem Statement for Exercise 7.3.1}{chapter.2}% 3
\BOOKMARK [1][-]{section.2.2}{Relevant Code for Exercise 7.3.1}{chapter.2}% 4
\BOOKMARK [1][-]{section.2.3}{Test cases for Exercise 7.3.1}{chapter.2}% 5
\BOOKMARK [1][-]{section.2.4}{Execution Transcripts for Exercise 7.3.1}{chapter.2}% 6
\BOOKMARK [0][-]{chapter.3}{Exercise 7.3.2}{}% 7
\BOOKMARK [1][-]{section.3.1}{Problem Statement for Exercise 7.3.2}{chapter.3}% 8
\BOOKMARK [1][-]{section.3.2}{Relevant Code for Exercise 7.3.2}{chapter.3}% 9
\BOOKMARK [1][-]{section.3.3}{Test cases for Exercise 7.3.2}{chapter.3}% 10
\BOOKMARK [1][-]{section.3.4}{Execution Transcripts for Exercise 7.3.2}{chapter.3}% 11
\BOOKMARK [0][-]{chapter.4}{Exercise 7.3.3}{}% 12
\BOOKMARK [1][-]{section.4.1}{Problem Statement for Exercise 7.3.3}{chapter.4}% 13
\BOOKMARK [1][-]{section.4.2}{Relevant Code for Exercise 7.3.3}{chapter.4}% 14
\BOOKMARK [1][-]{section.4.3}{Test cases for Exercise 7.3.3}{chapter.4}% 15
\BOOKMARK [1][-]{section.4.4}{Execution Transcripts for Exercise 7.3.3}{chapter.4}% 16
\BOOKMARK [0][-]{chapter.5}{Relevant Information}{}% 17
\BOOKMARK [1][-]{section.5.1}{Specific Test Cases}{chapter.5}% 18
\BOOKMARK [2][-]{subsection.5.1.1}{Test Cases for Exercise 7.3.1}{section.5.1}% 19
\BOOKMARK [2][-]{subsection.5.1.2}{Test Cases for Exercise 7.3.2}{section.5.1}% 20
\BOOKMARK [2][-]{subsection.5.1.3}{Test Cases for Exercise 7.3.3}{section.5.1}% 21
\BOOKMARK [0][-]{appendix.A}{Source Code for Exercise 7.3.1, 7.3.2, and 7.3.3}{}% 22
