\BOOKMARK [0][-]{chapter.1}{Executive Summary}{}% 1
\BOOKMARK [0][-]{chapter.2}{Excercise 13.10.1}{}% 2
\BOOKMARK [1][-]{section.2.1}{Problem statement}{chapter.2}% 3
\BOOKMARK [1][-]{section.2.2}{Forward proof of theorem aclExercise1}{chapter.2}% 4
\BOOKMARK [1][-]{section.2.3}{USE PROVE TAC only to prove theorem aclExercise1B}{chapter.2}% 5
\BOOKMARK [1][-]{section.2.4}{Goal Oriented proof using ACL tactics}{chapter.2}% 6
\BOOKMARK [0][-]{chapter.3}{Excercise 13.10.2}{}% 7
\BOOKMARK [1][-]{section.3.1}{Problem statement}{chapter.3}% 8
\BOOKMARK [1][-]{section.3.2}{Forward proof of theorem aclExercise2}{chapter.3}% 9
\BOOKMARK [1][-]{section.3.3}{Use PROVE TAC only to prove theorem aclExercise2B}{chapter.3}% 10
\BOOKMARK [1][-]{section.3.4}{Goal Oriented proof using ACL tactics}{chapter.3}% 11
\BOOKMARK [0][-]{chapter.4}{Excercise 14.4.1}{}% 12
\BOOKMARK [1][-]{section.4.1}{Problem statement}{chapter.4}% 13
\BOOKMARK [1][-]{section.4.2}{Definition of datatypes}{chapter.4}% 14
\BOOKMARK [1][-]{section.4.3}{Proof of OpRuleLaunch thm}{chapter.4}% 15
\BOOKMARK [1][-]{section.4.4}{Proof of OpRuleAbort thm}{chapter.4}% 16
\BOOKMARK [1][-]{section.4.5}{Proof of ApRuleActivate thm}{chapter.4}% 17
\BOOKMARK [1][-]{section.4.6}{Proof of ApRuleStandDown thm}{chapter.4}% 18
\BOOKMARK [0][-]{appendix.A}{Source code for Example1Script}{}% 19
\BOOKMARK [0][-]{appendix.B}{Source code for 13.10.1 and 13.10.2}{}% 20
\BOOKMARK [0][-]{appendix.C}{Source code for 14.4.1}{}% 21
